<?xml version="1.0" encoding="UTF-8"?>
<!-- Generated by org.testng.reporters.JUnitReportReporter -->
<testsuite skipped="0" hostname="DESKTOP-B32GVO4" name="com.pf.TestCases.SignInTest" tests="1" failures="0" timestamp="2020-01-07T08:53:47 IST" time="45.868" errors="0">
  <testcase name="signInTest" time="45.868" classname="com.pf.TestCases.SignInTest"/>
  <system-out/>
</testsuite> <!-- com.pf.TestCases.SignInTest -->
